0 info it worked if it ends with ok
1 verbose cli [ '/usr/local/bin/node',
1 verbose cli   '/Users/matthijs/.npm-packages/bin/npm',
1 verbose cli   'run',
1 verbose cli   'compile' ]
2 info using npm@4.0.2
3 info using node@v9.11.1
4 verbose run-script [ 'precompile', 'compile', 'postcompile' ]
5 info lifecycle @gameye/halflife-statistic@1.0.0~precompile: @gameye/halflife-statistic@1.0.0
6 silly lifecycle @gameye/halflife-statistic@1.0.0~precompile: no script for precompile, continuing
7 info lifecycle @gameye/halflife-statistic@1.0.0~compile: @gameye/halflife-statistic@1.0.0
8 verbose lifecycle @gameye/halflife-statistic@1.0.0~compile: unsafe-perm in lifecycle true
9 verbose lifecycle @gameye/halflife-statistic@1.0.0~compile: PATH: /Users/matthijs/.npm-packages/lib/node_modules/npm/bin/node-gyp-bin:/Users/matthijs/projects/GAMEYE/TNGPS/halflife-statistic/node_modules/.bin:/Applications/Xcode.app/Contents/Developer/usr/libexec/git-core:/Library/Frameworks/Python.framework/Versions/2.7/bin:/Users/matthijs/google-cloud-sdk/bin:/Users/matthijs/google-cloud-sdk/platform/google_appengine:/Library/Java/JavaVirtualMachines/jdk1.8.0_112.jdk/Contents/Home:/Users/matthijs/.npm-packages/bin:/usr/local/bin:/usr/bin:/bin:/usr/sbin:/sbin:/Library/Frameworks/Python.framework/Versions/2.7/bin:/Users/matthijs/google-cloud-sdk/bin:/Users/matthijs/google-cloud-sdk/platform/google_appengine:/Library/Java/JavaVirtualMachines/jdk1.8.0_112.jdk/Contents/Home:/Users/matthijs/.npm-packages/bin:/Users/matthijs/Library/Android/sdk/platform-tools:/Users/matthijs/Library/Android/sdk/tools:/Users/matthijs/Library/Android/sdk/platform-tools:/Users/matthijs/Library/Android/sdk/tools
10 verbose lifecycle @gameye/halflife-statistic@1.0.0~compile: CWD: /Users/matthijs/projects/GAMEYE/TNGPS/halflife-statistic
11 silly lifecycle @gameye/halflife-statistic@1.0.0~compile: Args: [ '-c',
11 silly lifecycle   'tsc && tsc --project tsconfig.module.json && webpack --hide-modules --config ./webpack.config' ]
12 silly lifecycle @gameye/halflife-statistic@1.0.0~compile: Returned: code: 2  signal: null
13 info lifecycle @gameye/halflife-statistic@1.0.0~compile: Failed to exec compile script
14 verbose stack Error: @gameye/halflife-statistic@1.0.0 compile: `tsc && tsc --project tsconfig.module.json && webpack --hide-modules --config ./webpack.config`
14 verbose stack Exit status 2
14 verbose stack     at EventEmitter.<anonymous> (/Users/matthijs/.npm-packages/lib/node_modules/npm/lib/utils/lifecycle.js:279:16)
14 verbose stack     at EventEmitter.emit (events.js:180:13)
14 verbose stack     at ChildProcess.<anonymous> (/Users/matthijs/.npm-packages/lib/node_modules/npm/lib/utils/spawn.js:40:14)
14 verbose stack     at ChildProcess.emit (events.js:180:13)
14 verbose stack     at maybeClose (internal/child_process.js:936:16)
14 verbose stack     at Process.ChildProcess._handle.onexit (internal/child_process.js:220:5)
15 verbose pkgid @gameye/halflife-statistic@1.0.0
16 verbose cwd /Users/matthijs/projects/GAMEYE/TNGPS/halflife-statistic
17 error Darwin 17.5.0
18 error argv "/usr/local/bin/node" "/Users/matthijs/.npm-packages/bin/npm" "run" "compile"
19 error node v9.11.1
20 error npm  v4.0.2
21 error code ELIFECYCLE
22 error @gameye/halflife-statistic@1.0.0 compile: `tsc && tsc --project tsconfig.module.json && webpack --hide-modules --config ./webpack.config`
22 error Exit status 2
23 error Failed at the @gameye/halflife-statistic@1.0.0 compile script 'tsc && tsc --project tsconfig.module.json && webpack --hide-modules --config ./webpack.config'.
23 error Make sure you have the latest version of node.js and npm installed.
23 error If you do, this is most likely a problem with the @gameye/halflife-statistic package,
23 error not with npm itself.
23 error Tell the author that this fails on your system:
23 error     tsc && tsc --project tsconfig.module.json && webpack --hide-modules --config ./webpack.config
23 error You can get information on how to open an issue for this project with:
23 error     npm bugs @gameye/halflife-statistic
23 error Or if that isn't available, you can get their info via:
23 error     npm owner ls @gameye/halflife-statistic
23 error There is likely additional logging output above.
24 verbose exit [ 1, true ]
