/home/steam/csgo/srcds_run: 32: /home/steam/csgo/srcds_run: pushd: not found
/home/steam/csgo/srcds_run: 35: /home/steam/csgo/srcds_run: popd: not found
Server will auto-restart if there is a crash.
LD_LIBRARY_PATH=/home/steam/csgo/bin:/home/steam/csgo:/home/steam/csgo/bin:
#
#Console initialized.
Setting breakpad minidump AppID = 740
#Using breakpad minidump system 740/13638.682.DC
Using breakpad crash handler
Forcing breakpad minidump interfaces to load
dlopen failed trying to load:
/home/steam/.steam/sdk32/steamclient.so
with error:
/home/steam/.steam/sdk32/steamclient.so: cannot open shared object file: No such file or directory
Looking up breakpad interfaces from steamclient
Calling BreakpadMiniDumpSystemInit
#Loading VPK file hashes for pure server operation.
#Loading VPK file hashes for pure server operation.
#Loading VPK file hashes for pure server operation.
#Game.dll loaded for "Counter-Strike: Global Offensive"
#CGameEventManager::AddListener: event 'server_pre_shutdown' unknown.
#CGameEventManager::AddListener: event 'game_newmap' unknown.
#CGameEventManager::AddListener: event 'finale_start' unknown.
#CGameEventManager::AddListener: event 'round_start' unknown.
#CGameEventManager::AddListener: event 'round_end' unknown.
#CGameEventManager::AddListener: event 'difficulty_changed' unknown.
#CGameEventManager::AddListener: event 'player_connect' unknown.
#CGameEventManager::AddListener: event 'player_disconnect' unknown.
#GameTypes: missing mapgroupsSP entry for game type/mode (custom/custom).
#GameTypes: missing mapgroupsSP entry for game type/mode (cooperative/cooperative).
#GameTypes: missing mapgroupsSP entry for game type/mode (cooperative/coopmission).
Failed to load gamerulescvars.txt, game rules cvars might not be reported to management tools.
Server is hibernating
[S_API FAIL] SteamAPI_Init() failed; SteamAPI_IsSteamRunning() failed.
[S_API FAIL] SteamAPI_Init() failed; unable to locate a running instance of Steam, or a local steamclient.so.
Particles: Missing 'particles/money_fx.pcf'
No web api auth key specified - workshop downloads will be disabled.
maxplayers set to 64
ConVarRef cl_embedded_stream_video_playing doesn't point to an existing ConVar
Unknown command "cl_bobamt_vert"
Unknown command "cl_bobamt_lat"
Unknown command "cl_bob_lower_amt"
Unknown command "cl_viewmodel_shift_left_amt"
Unknown command "cl_viewmodel_shift_right_amt"
Unknown command "cl_teamid_min"
Unknown command "cl_teamid_max"
Unknown command "cl_teamid_overhead"
Unknown command "cl_teamid_overhead_maxdist"
Setting mapgroup to 'mg_active'
maxplayers set to 64
Server waking up from hibernation
Usage: host_workshop_map <fileid>
sh: 1: ifconfig: not found
---- Host_NewGame ----
ConVarRef r_staticlight_streams_indirect_only doesn't point to an existing ConVar
Host_NewGame on map de_inferno
GameTypes: missing mapgroupsSP entry for game type/mode (custom/custom).
GameTypes: missing mapgroupsSP entry for game type/mode (cooperative/cooperative).
GameTypes: missing mapgroupsSP entry for game type/mode (cooperative/coopmission).
ConVarRef room_type doesn't point to an existing ConVar
ammo_grenade_limit_default - 1
ammo_grenade_limit_flashbang - 1
ammo_grenade_limit_total - 3
bot_allow_grenades - 1
bot_allow_machine_guns - 1
bot_allow_pistols - 1
bot_allow_rifles - 1
bot_allow_rogues - 1
bot_allow_shotguns - 1
bot_allow_snipers - 1
bot_allow_sub_machine_guns - 1
bot_autodifficulty_threshold_high - 5.0
bot_autodifficulty_threshold_low - -2.0
bot_chatter - normal
bot_defer_to_human_goals - 0
bot_defer_to_human_items - 1
bot_difficulty - 1
bot_quota - 10
bot_quota_mode - normal
cash_player_bomb_defused - 300
cash_player_bomb_planted - 300
cash_player_damage_hostage - -30
cash_player_get_killed - 0
cash_player_interact_with_hostage - 150
cash_player_killed_enemy_default - 300
cash_player_killed_enemy_factor - 1
cash_player_killed_hostage - -1000
cash_player_killed_teammate - -300
cash_player_rescued_hostage - 1000
cash_player_respawn_amount - 0
cash_team_elimination_bomb_map - 3250
cash_team_elimination_hostage_map_ct - 2000
cash_team_elimination_hostage_map_t - 1000
cash_team_hostage_alive - 0
cash_team_hostage_interaction - 500
cash_team_loser_bonus - 1400
cash_team_loser_bonus_consecutive_rounds - 500
cash_team_planted_bomb_but_defused - 800
cash_team_rescued_hostage - 0
cash_team_survive_guardian_wave - 1000
cash_team_terrorist_win_bomb - 3500
cash_team_win_by_defusing_bomb - 3250
cash_team_win_by_hostage_rescue - 3500
cash_team_win_by_time_running_out_bomb - 3250
cash_team_win_by_time_running_out_hostage - 3250
ff_damage_reduction_bullets - 0.1
ff_damage_reduction_grenade - 0.25
ff_damage_reduction_grenade_self - 1
ff_damage_reduction_other - 0.25
global_chatter_info - 
mp_afterroundmoney - 0
mp_anyone_can_pickup_c4 - 0
mp_autoteambalance - 1
mp_buy_allow_grenades - 1
mp_buy_allow_guns - 255
mp_buy_anywhere - 0
mp_buy_during_immunity - 0
mp_buytime - 90
mp_c4_cannot_be_defused - 0
mp_c4timer - 40
mp_consecutive_loss_max - 4
mp_coop_force_join_ct - 0
mp_coopmission_bot_difficulty_offset - 0
mp_coopmission_mission_number - 0
mp_ct_default_grenades - 
mp_ct_default_melee - weapon_knife
mp_ct_default_primary - 
mp_ct_default_secondary - weapon_hkp2000
mp_damage_headshot_only - 0
mp_damage_scale_ct_body - 1.0
mp_damage_scale_ct_head - 1.0
mp_damage_scale_t_body - 1.0
mp_damage_scale_t_head - 1.0
mp_damage_vampiric_amount - 0
mp_death_drop_c4 - 1
mp_death_drop_defuser - 1
mp_death_drop_grenade - 2
mp_death_drop_gun - 1
mp_deathcam_skippable - 1
mp_default_team_winner_no_objective - -1
mp_defuser_allocation - 0
mp_display_kill_assists - 1
mp_dm_bonus_percent - 50
mp_dm_bonus_respawn - 0
mp_dm_bonusweapon_dogtags - 0
mp_dm_dogtag_score - 0
mp_dm_kill_base_score - 10
mp_dm_teammode - 0
mp_dm_teammode_bonus_score - 1
mp_dm_teammode_dogtag_score - 0
mp_dm_teammode_kill_score - 1
mp_dogtag_despawn_on_killer_death - 1
mp_dogtag_despawn_time - 120
mp_dogtag_pickup_rule - 0
mp_economy_reset_rounds - 0
mp_equipment_reset_rounds - 0
mp_force_assign_teams - 0
mp_force_pick_time - 15
mp_forcecamera - 1
mp_free_armor - 0
mp_freezetime - 6
mp_friendlyfire - 0
mp_ggprogressive_round_restart_delay - 15.0
mp_ggtr_always_upgrade - 0
mp_ggtr_bomb_defuse_bonus - 1
mp_ggtr_bomb_detonation_bonus - 1
mp_ggtr_bomb_pts_for_flash - 4
mp_ggtr_bomb_pts_for_he - 3
mp_ggtr_bomb_pts_for_molotov - 5
mp_ggtr_bomb_pts_for_upgrade - 2.0
mp_ggtr_bomb_respawn_delay - 0.0
mp_ggtr_end_round_kill_bonus - 1
mp_ggtr_halftime_delay - 0.0
mp_ggtr_last_weapon_kill_ends_half - 0
mp_give_player_c4 - 1
mp_global_damage_per_second - 0.0
mp_guardian_bot_money_per_wave - 800
mp_guardian_loc_adjective - 
mp_guardian_loc_condition - 
mp_guardian_loc_icon - 
mp_guardian_loc_mission - default
mp_guardian_loc_override - 
mp_guardian_loc_weapon - 
mp_guardian_player_dist_max - 2000
mp_guardian_player_dist_min - 1300
mp_guardian_special_kills_needed - 10
mp_guardian_special_weapon_needed - awp
mp_guardian_target_site - -1
mp_halftime - 0
mp_halftime_pausetimer - 0
mp_heavyassaultsuit_cooldown - 5
mp_hostagepenalty - 10
mp_hostages_max - 2
mp_hostages_spawn_force_positions - 
mp_hostages_spawn_same_every_round - 1
mp_items_prohibited - 
mp_limitteams - 2
mp_match_can_clinch - 1
mp_max_armor - 2
mp_maxmoney - 16000
mp_maxrounds - 0
mp_molotovusedelay - 15.0
mp_playercashawards - 1
mp_radar_showall - 0
mp_randomspawn - 0
mp_randomspawn_dist - 0
mp_randomspawn_los - 1
mp_respawn_immunitytime - 4.0
mp_respawn_on_death_ct - 0
mp_respawn_on_death_t - 0
mp_respawnwavetime_ct - 10.0
mp_respawnwavetime_t - 10.0
mp_round_restart_delay - 7.0
mp_roundtime - 5
mp_roundtime_defuse - 0
mp_roundtime_hostage - 0
mp_solid_teammates - 1
mp_starting_losses - 0
mp_startmoney - 800
mp_t_default_grenades - 
mp_t_default_melee - weapon_knife
mp_t_default_primary - 
mp_t_default_secondary - weapon_glock
mp_taser_recharge_time - -1
mp_teamcashawards - 1
mp_teammates_are_enemies - 0
mp_timelimit - 5
mp_use_respawn_waves - 0
mp_warmup_pausetimer - 0
mp_warmuptime - 30
mp_warmuptime_all_players_connected - 0
mp_weapon_self_inflict_amount - 0
mp_weapons_allow_heavy - -1
mp_weapons_allow_heavyassaultsuit - 0
mp_weapons_allow_map_placed - 0
mp_weapons_allow_pistols - -1
mp_weapons_allow_rifles - -1
mp_weapons_allow_smgs - -1
ConVarRef mp_weapons_allow_tagrenade doesn't point to an existing ConVar
mp_weapons_allow_typecount - 5
mp_weapons_allow_zeus - 1
mp_weapons_glow_on_ground - 0
mp_weapons_max_gun_purchases_per_weapon_per_match - -1
mp_heavyassaultsuit_speed - 130
mp_heavyassaultsuit_deploy_timescale - 0.8
mp_heavyassaultsuit_aimpunch - 1.0
mp_heavybot_damage_reduction_scale - 1.0
mp_win_panel_display_time - 3
occlusion_test_async - 0
spec_freeze_panel_extended_time - 0.0
spec_freeze_time - 3.0
spec_replay_enable - 0
sv_accelerate - 5.5
sv_airaccelerate - 12
sv_allow_votes - 1
sv_alltalk - 0
sv_arms_race_vote_to_restart_disallowed_after - 0
sv_auto_adjust_bot_difficulty - 1
sv_auto_full_alltalk_during_warmup_half_end - 1
sv_autobunnyhopping - 0
sv_autobuyammo - 0
sv_bot_buy_decoy_weight - 1
sv_bot_buy_flash_weight - 1
sv_bot_buy_grenade_chance - 33
sv_bot_buy_hegrenade_weight - 6
sv_bot_buy_molotov_weight - 1
sv_bot_buy_smoke_weight - 1
sv_bots_force_rebuy_every_round - 0
sv_bots_get_easier_each_win - 0
sv_bots_get_harder_after_each_wave - 0
sv_bounce - 0
sv_buy_status_override - -1
sv_deadtalk - 0
sv_disable_show_team_select_menu - 0
sv_duplicate_playernames_ok - 0
sv_enablebunnyhopping - 0
sv_friction - 5.2
sv_gravity - 800
sv_guardian_heavy_all - 0
sv_guardian_heavy_count - 0
sv_guardian_max_wave_for_heavy - 0
sv_guardian_min_wave_for_heavy - 0
sv_ignoregrenaderadio - 0
sv_infinite_ammo - 0
sv_maxspeed - 320
sv_maxvelocity - 3500
sv_occlude_players - 1
sv_staminajumpcost - .080
sv_staminalandcost - .050
sv_stopspeed - 80
sv_talk_enemy_dead - 0
sv_talk_enemy_living - 0
sv_vote_to_changelevel_before_match_point - 0
sv_wateraccelerate - 10
sv_waterfriction - 1
tv_delay - 10
weapon_accuracy_nospread - 0
weapon_air_spread_scale - 1.0
ConVarRef weapon_cleanup_on_round_restart doesn't point to an existing ConVar
weapon_max_before_cleanup - 0
weapon_recoil_scale - 2.0
weapon_reticle_knife_show - 0
ff_damage_reduction_grenade - 0.25
ff_damage_reduction_grenade_self - 1
ff_damage_reduction_other - 0.25
mp_friendlyfire - 0
mp_warmuptime - 30
mp_warmuptime_all_players_connected - 0
Executing dedicated server config file
exec: couldn't exec server.cfg
exec: couldn't exec gamemode_competitive_server.cfg
Commentary: Could not find commentary data file 'maps/de_inferno_commentary.txt'. 
Error parsing BotProfile.db - unknown attribute 'Rank'
Error parsing BotProfile.db - unknown attribute 'Rank'
Error parsing BotProfile.db - unknown attribute 'Rank'
Error parsing BotProfile.db - unknown attribute 'Rank'
Error parsing BotProfile.db - unknown attribute 'Rank'
Error parsing BotProfile.db - unknown attribute 'Rank'
Error parsing BotProfile.db - unknown attribute 'Rank'
Error parsing BotProfile.db - unknown attribute 'Rank'
Initializing Steam libraries for secure Internet server
[S_API FAIL] SteamAPI_Init() failed; SteamAPI_IsSteamRunning() failed.
Setting breakpad minidump AppID = 730
dlopen failed trying to load:
/home/steam/.steam/sdk32/steamclient.so
with error:
/home/steam/.steam/sdk32/steamclient.so: cannot open shared object file: No such file or directory
Looking up breakpad interfaces from steamclient
Calling BreakpadMiniDumpSystemInit
Setting breakpad minidump AppID = 740
Logging into Steam gameserver account with logon token '9EFD2662xxxxxxxxxxxxxxxxxxxxxxxx'
GOTV[0] broadcast active.
echo "Configure..."
log on                                          // Enable server logging.
// ESL - www.eslgaming.com
// CS:GO 1on1 Ladder Config
bot_quota "0"                                   // Determines the total number of bots in the game.
hostname "ESZPlay Match Server"                      // Set the server name.
mp_logdetail 3                                  // Logs attacks.  Values are: 0=off, 1=enemy, 2=teammate, 3=both)
mp_logdetail_items 1                            // Logs a line any time a player acquires or loses an item.
mp_logmoney 1                                   // Enables money logging. Values are: 0=off, 1=on
ammo_grenade_limit_default 1
ammo_grenade_limit_flashbang 2
ammo_grenade_limit_total 4
cash_player_bomb_defused 300
cash_player_bomb_planted 300
cash_player_damage_hostage -30
cash_player_interact_with_hostage 150
cash_player_killed_enemy_default 300
cash_player_killed_enemy_factor 1
cash_player_killed_hostage -1000
cash_player_killed_teammate -300
cash_player_rescued_hostage 1000
cash_team_elimination_bomb_map 3250
cash_team_hostage_alive 150
cash_team_hostage_interaction 150
cash_team_loser_bonus 1400
cash_team_loser_bonus_consecutive_rounds 500
cash_team_planted_bomb_but_defused 800
cash_team_rescued_hostage 750
cash_team_terrorist_win_bomb 3500
cash_team_win_by_defusing_bomb 3500
cash_team_win_by_hostage_rescue 3500
cash_player_get_killed 0
cash_player_respawn_amount 0
cash_team_elimination_hostage_map_ct 2000
cash_team_elimination_hostage_map_t 1000
cash_team_win_by_time_running_out_bomb 3250
cash_team_win_by_time_running_out_hostage 3250
ff_damage_reduction_grenade 0.85                  // How much to reduce damage done to teammates by a thrown grenade.  Range is from 0 - 1 (with 1 being damage equal to what is done to an enemy)
ff_damage_reduction_bullets 0.33                  // How much to reduce damage done to teammates when shot.  Range is from 0 - 1 (with 1 being damage equal to what is done to an enemy)
ff_damage_reduction_other 0.4                     // How much to reduce damage done to teammates by things other than bullets and grenades.  Range is from 0 - 1 (with 1 being damage equal to what is done to an enemy)
ff_damage_reduction_grenade_self 1                // How much to damage a player does to himself with his own grenade.  Range is from 0 - 1 (with 1 being damage equal to what is done to an enemy)
mp_afterroundmoney 0                              // amount of money awared to every player after each round
mp_autokick 0                                     // Kick idle/team-killing players
mp_autoteambalance 0
mp_buytime 15                                     // How many seconds after round start players can buy items for.
mp_c4timer 45                                     // How long from when the C4 is armed until it blows
mp_death_drop_defuser 1                           // Drop defuser on player death
mp_death_drop_grenade 2                           // Which grenade to drop on player death: 0=none, 1=best, 2=current or best
mp_death_drop_gun 1                               // Which gun to drop on player death: 0=none, 1=best, 2=current or best
mp_defuser_allocation 0                           // How to allocate defusers to CTs at start or round: 0=none, 1=random, 2=everyone
mp_do_warmup_period 1                             // Whether or not to do a warmup period at the start of a match.
mp_forcecamera 1                                  // Restricts spectator modes for dead players
mp_force_pick_time 160                            // The amount of time a player has on the team screen to make a selection before being auto-teamed 
mp_free_armor 0                                   // Determines whether armor and helmet are given automatically.
mp_freezetime 10                                  // How many seconds to keep players frozen when the round starts
mp_friendlyfire 1                                 // Allows team members to injure other members of their team
mp_halftime 1                                     // Determines whether or not the match has a team-swapping halftime event.
mp_halftime_duration 5                            // Number of seconds that halftime lasts
mp_join_grace_time 30                             // Number of seconds after round start to allow a player to join a game
mp_limitteams 0                                   // Max # of players 1 team can have over another (0 disables check)
mp_match_can_clinch 1                             // Can a team clinch and end the match by being so far ahead that the other team has no way to catching up
mp_match_end_restart 1                            // At the end of the match, perform a restart instead of loading a new map
mp_maxmoney 16000                                 // maximum amount of money allowed in a player's account
mp_maxrounds 3                     // max number of rounds to play before server changes maps
mp_molotovusedelay 0                              // Number of seconds to delay before the molotov can be used after acquiring it
mp_playercashawards 1                             // Players can earn money by performing in-game actions
mp_playerid 0                                     // Controls what information player see in the status bar: 0 all names; 1 team names; 2 no names 
mp_playerid_delay 0.5                             // Number of seconds to delay showing information in the status bar
mp_playerid_hold 0.25                             // Number of seconds to keep showing old information in the status bar
mp_round_restart_delay 5                          // Number of seconds to delay before restarting a round after a win
mp_roundtime 1.92                                 // How many minutes each round takes.
mp_roundtime_defuse 1.92                          // How many minutes each round takes on defusal maps.
mp_solid_teammates 1                              // Determines whether teammates are solid or not.
mp_startmoney 800                                 // amount of money each player gets when they reset
mp_teamcashawards 1                               // Teams can earn money by performing in-game actions
mp_timelimit 0                                    // game time per map in minutes
mp_tkpunish 0                                     // Will a TK'er be punished in the next round?  {0=no,  1=yes}
mp_warmuptime 180                                 // If true, there will be a warmup period/round at the start of each match to allow
mp_warmuptime_all_players_connected 60            // Warmup time to use when all players have connected. 0 to disable.
mp_weapons_allow_map_placed 1                     // If this convar is set, when a match starts, the game will not delete weapons placed in the map.
mp_weapons_allow_zeus 1                           // Determines whether the Zeus is purchasable or not.
mp_win_panel_display_time 15                      // The amount of time to show the win panel between matches / halfs
mp_teamname_1 Counter Terrorists                  // Override the name of team 1
mp_teamname_2 Terrorists                  // Override the name of team 2
mp_match_restart_delay 120                        // Delay in seconds when the servers restarts after the match has been ended.
mp_endmatch_votenextmap 0                         // Disable map voting at the end of a match.
spec_freeze_time 2.0                              // Time spend frozen in observer freeze cam.
spec_freeze_panel_extended_time 0                 // Time spent with the freeze panel still up after observer freeze cam is done.
spec_freeze_time_lock 2
spec_freeze_deathanim_time 0
sv_accelerate 5.5                                 // ( def. "10" ) client notify replicated 
sv_stopspeed 80 
sv_allow_votes 1                                  // Allow voting
sv_vote_issue_kick_allowed 0                      // Disallow voting to reset 
sv_vote_issue_loadbackup_allowed 0                // Disallow voting to load round backup
sv_allow_wait_command 0                           // Allow or disallow the wait command on clients connected to this server.
sv_alltalk 0                                      // Players can hear all other players' voice communication, no team restrictions
sv_alternateticks 0                               // If set, server only simulates entities on even numbered ticks.
sv_cheats 0                                       // Allow cheats on server
sv_clockcorrection_msecs 15                       // The server tries to keep each player's m_nTickBase withing this many msecs of the server absolute tickcount
sv_consistency 0                                  // Whether the server enforces file consistency for critical files
sv_contact 0                                      // Contact email for server sysop
sv_damage_print_enable 1                          // Turn this off to disable the player's damage feed in the console after getting killed.
sv_dc_friends_reqd 0                              // Set this to 0 to allow direct connects to a game in progress even if no presents
sv_deadtalk 0                                     // Dead players can speak (voice, text) to the living
sv_forcepreload 0                                 // Force server side preloading.
sv_friction 5.2                                   // World friction.
sv_full_alltalk 0                                 // Any player (including Spectator team) can speak to any other player
sv_gameinstructor_disable 1                       // Force all clients to disable their game instructors.
sv_ignoregrenaderadio 0                           // Turn off Fire in the hole messages
sv_kick_players_with_cooldown 0                   // (0: do not kick; 1: kick Untrusted players; 2: kick players with any cooldown)
sv_kick_ban_duration 0                            // How long should a kick ban from the server should last (in minutes)
sv_lan 0                                          // Server is a lan server ( no heartbeat, no authentication, no non-class C addresses )
sv_log_onefile 0                                  // Log server information to only one file.
sv_logbans 1                                      // Log server bans in the server logs.
sv_logecho 1                                      // Echo log information to the console.
sv_logfile 1                                      // Log server information in the log file.
sv_logflush 0                                     // Flush the log file to disk on each write (slow).
sv_logsdir logfiles                               // Folder in the game directory where server logs will be stored.
sv_maxrate 0                                      // min. 0.000000 max. 30000.000000 replicated  Max bandwidth rate allowed on server, 0 == unlimited
sv_mincmdrate 30                                  // This sets the minimum value for cl_cmdrate. 0 == unlimited.
sv_minrate 20000                                  // Min bandwidth rate allowed on server, 0 == unlimited
sv_competitive_minspec 1                          // Enable to force certain client convars to minimum/maximum values to help prevent competitive advantages.
sv_pausable 1                                     // Is the server pausable.
sv_pure 1
sv_pure_kick_clients 1                            // If set to 1, the server will kick clients with mismatching files. Otherwise, it will issue a warning to the client.
sv_pure_trace 0                                   // If set to 1, the server will print a message whenever a client is verifying a CR
sv_spawn_afk_bomb_drop_time 30                    // Players that spawn and don't move for longer than sv_spawn_afk_bomb_drop_time (default 15 seconds) will automatically drop the bomb.
sv_steamgroup_exclusive 0                         // If set, only members of Steam group will be able to join the server when it's empty, public people will be able to join the server only if it has players.
sv_coaching_enabled 0           // Enable coaching mode.
sv_voiceenable 0                                  // Disable ingame voice 
tv_allow_camera_man 1                             // Auto director allows spectators to become camera man
tv_allow_static_shots 1                           // Auto director uses fixed level cameras for shots
tv_autorecord 1                                   // Automatically records all games as GOTV demos.
tv_chatgroupsize 0                                // Set the default chat group size
tv_chattimelimit 8                                // Limits spectators to chat only every n seconds
tv_debug 0                                        // GOTV debug info.
tv_delay 0                         // GOTV stream delay in seconds
tv_delaymapchange 1                               // Delays map change until broadcast is complete
tv_deltacache 2                                   // Enable delta entity bit stream cache
tv_dispatchmode 1                                 // Dispatch clients to relay proxies: 0=never, 1=if appropriate, 2=always
tv_enable 1                                       // Activates GOTV on server.
tv_maxclients 10               // Maximum client number on GOTV server.
tv_maxrate 20000                                  // Max GOTV spectator bandwidth rate allowed, 0 == unlimited
tv_name "Gameye GOTV Stream"                      // GOTV host name
tv_overridemaster 0                               // Overrides the GOTV master root address.
tv_port 65220                              // Host SourceTV port
tv_relaypassword "gameyegotv"                     // GOTV password for relay proxies
tv_relayvoice 0                                   // Relay voice data: 0=off, 1=on
tv_snapshotrate 24                                // Snapshots broadcasted per second
tv_timeout 60                                     // GOTV connection timeout in seconds.
tv_title "Gameye GOTV Stream"                     // Set title for GOTV spectator UI
tv_transmitall 1                                  // Transmit all entities (not only director view)
say "> ESL CS:GO 1on1 config loaded<"
echo "Configure ready..."
Configure... 
Server logging enabled.
Server logging data to file logs/L127_000_001_001_64247_201806251742_000.log
L 06/25/2018 - 17:42:15: Log file started (file "logs/L127_000_001_001_64247_201806251742_000.log") (game "/home/steam/csgo/csgo") (version "7145")
L 06/25/2018 - 17:42:15: server_cvar: "cash_player_interact_with_hostage" "150"
L 06/25/2018 - 17:42:15: server_cvar: "cash_team_hostage_alive" "150"
L 06/25/2018 - 17:42:15: server_cvar: "cash_team_hostage_interaction" "150"
L 06/25/2018 - 17:42:15: server_cvar: "cash_team_rescued_hostage" "750"
L 06/25/2018 - 17:42:15: server_cvar: "cash_team_win_by_hostage_rescue" "3500"
L 06/25/2018 - 17:42:15: server_cvar: "cash_team_elimination_hostage_map_ct" "2000"
L 06/25/2018 - 17:42:15: server_cvar: "cash_team_elimination_hostage_map_t" "1000"
L 06/25/2018 - 17:42:15: server_cvar: "mp_autoteambalance" "0"
L 06/25/2018 - 17:42:15: server_cvar: "mp_c4timer" "45"
L 06/25/2018 - 17:42:15: server_cvar: "mp_freezetime" "10"
L 06/25/2018 - 17:42:15: server_cvar: "mp_limitteams" "0"
L 06/25/2018 - 17:42:15: server_cvar: "mp_maxrounds" "3"
L 06/25/2018 - 17:42:15: server_cvar: "sv_vote_issue_kick_allowed" "0"
L 06/25/2018 - 17:42:15: server_cvar: "sv_vote_issue_loadbackup_allowed" "0"
L 06/25/2018 - 17:42:15: server_cvar: "sv_contact" "0"
L 06/25/2018 - 17:42:15: server_cvar: "sv_deadtalk" "0"
L 06/25/2018 - 17:42:15: server_cvar: "sv_kick_ban_duration" "0"
--------------------------------------------------------
sv_pure value unchanged (current value is 1).
--------------------------------------------------------
L 06/25/2018 - 17:42:15: server_cvar: "sv_voiceenable" "0"
Unknown command "tv_allow_camera_man"
maxplayers set to 64
L 06/25/2018 - 17:42:15: server_cvar: "tv_relaypassword" "***PROTECTED***"
Console: "> ESL CS:GO 1on1 config loaded<"
Configure ready... 
echo "Idle..."
Idle... 
Connection to Steam servers successful.
   Public IP is 213.163.71.15.
Assigned persistent gameserver Steam ID [G:1:2300227].
VAC secure mode is activated.
GC Connection established for server version 682, instance idx 1
-> Reservation cookie e6f04d78c7d27521:  reason [R] Connect from 24.197.102.56:27005
L 06/25/2018 - 17:43:32: server_cvar: "nextlevel" "de_inferno"
---- Host_Changelevel ----
*** Map Load: de_inferno: Map Group mg_activeL 06/25/2018 - 17:43:32: Log file closed
Server logging data to file logfiles/L127_000_001_001_64247_201806251743_000.log
L 06/25/2018 - 17:43:32: Log file started (file "logfiles/L127_000_001_001_64247_201806251743_000.log") (game "/home/steam/csgo/csgo") (version "7145")
L 06/25/2018 - 17:43:32: Loading map "de_inferno"
L 06/25/2018 - 17:43:32: server cvars start
L 06/25/2018 - 17:43:32: "cash_player_killed_teammate" = "-300"
L 06/25/2018 - 17:43:32: "cash_player_respawn_amount" = "0"
L 06/25/2018 - 17:43:32: "sv_maxspeed" = "320"
L 06/25/2018 - 17:43:32: "cash_team_rescued_hostage" = "750"
L 06/25/2018 - 17:43:32: "cash_team_win_by_defusing_bomb" = "3500"
L 06/25/2018 - 17:43:32: "sv_rollangle" = "0"
L 06/25/2018 - 17:43:32: "r_AirboatViewZHeight" = "0.0"
L 06/25/2018 - 17:43:32: "sv_cheats" = "0"
L 06/25/2018 - 17:43:32: "r_VehicleViewDampen" = "1"
L 06/25/2018 - 17:43:32: "mp_allowNPCs" = "1"
L 06/25/2018 - 17:43:32: "mp_tournament" = "0"
L 06/25/2018 - 17:43:32: "sv_vote_issue_pause_match_spec_only" = "0"
L 06/25/2018 - 17:43:32: "sv_spec_hear" = "1"
L 06/25/2018 - 17:43:32: "cash_player_interact_with_hostage" = "150"
L 06/25/2018 - 17:43:32: "mp_maxrounds" = "3"
L 06/25/2018 - 17:43:32: "mp_flashlight" = "0"
L 06/25/2018 - 17:43:32: "sv_tags" = ""
L 06/25/2018 - 17:43:32: "sv_stepsize" = "18"
L 06/25/2018 - 17:43:32: "sv_alltalk" = "0"
L 06/25/2018 - 17:43:32: "mp_teamlist" = "hgrunt;scientist"
L 06/25/2018 - 17:43:32: "mp_footsteps" = "1"
L 06/25/2018 - 17:43:32: "sv_noclipaccelerate" = "5"
L 06/25/2018 - 17:43:32: "sv_accelerate_debug_speed" = "0"
L 06/25/2018 - 17:43:32: "sv_wateraccelerate" = "10"
L 06/25/2018 - 17:43:32: "mp_stalemate_enable" = "0"
L 06/25/2018 - 17:43:32: "mp_autocrosshair" = "1"
L 06/25/2018 - 17:43:32: "cash_team_elimination_bomb_map" = "3250"
L 06/25/2018 - 17:43:32: "cash_player_get_killed" = "0"
L 06/25/2018 - 17:43:32: "mp_roundtime_defuse" = "1.92"
L 06/25/2018 - 17:43:32: "sv_autobuyammo" = "0"
L 06/25/2018 - 17:43:32: "sv_rollspeed" = "200"
L 06/25/2018 - 17:43:32: "sv_airaccelerate" = "12"
L 06/25/2018 - 17:43:32: "sv_show_team_equipment_prohibit" = "0"
L 06/25/2018 - 17:43:32: "mp_teams_unbalance_limit" = "1"
L 06/25/2018 - 17:43:32: "mp_timelimit" = "0"
L 06/25/2018 - 17:43:32: "cash_team_loser_bonus" = "1400"
L 06/25/2018 - 17:43:32: "sv_deadtalk" = "0"
L 06/25/2018 - 17:43:32: "cash_player_rescued_hostage" = "1000"
L 06/25/2018 - 17:43:32: "sv_waterfriction" = "1"
L 06/25/2018 - 17:43:32: "sv_competitive_official_5v5" = "0"
L 06/25/2018 - 17:43:32: "sv_steamgroup" = ""
L 06/25/2018 - 17:43:32: "cash_player_killed_enemy_default" = "300"
L 06/25/2018 - 17:43:32: "coop" = "0"
L 06/25/2018 - 17:43:32: "mp_respawnwavetime" = "10.0"
L 06/25/2018 - 17:43:32: "sv_teamid_overhead" = "1"
L 06/25/2018 - 17:43:32: "tv_enable1" = "0"
L 06/25/2018 - 17:43:32: "nextlevel" = "de_inferno"
L 06/25/2018 - 17:43:32: "sv_stopspeed" = "80"
L 06/25/2018 - 17:43:32: "sv_specaccelerate" = "5"
L 06/25/2018 - 17:43:32: "deathmatch" = "1"
L 06/25/2018 - 17:43:32: "tv_enable" = "1"
L 06/25/2018 - 17:43:32: "mp_roundtime_hostage" = "1.92"
L 06/25/2018 - 17:43:32: "mp_freezetime" = "10"
L 06/25/2018 - 17:43:32: "mp_teammates_are_enemies" = "0"
L 06/25/2018 - 17:43:32: "mp_falldamage" = "0"
L 06/25/2018 - 17:43:32: "sv_accelerate_use_weapon_speed" = "1"
L 06/25/2018 - 17:43:32: "sv_voiceenable" = "0"
L 06/25/2018 - 17:43:32: "sv_teamid_overhead_always_prohibit" = "0"
L 06/25/2018 - 17:43:32: "sv_bounce" = "0"
L 06/25/2018 - 17:43:32: "mp_disable_respawn_times" = "0"
L 06/25/2018 - 17:43:32: "r_AirboatViewDampenFreq" = "7.0"
L 06/25/2018 - 17:43:32: "mp_weaponstay" = "0"
L 06/25/2018 - 17:43:32: "mp_hostagepenalty" = "10"
L 06/25/2018 - 17:43:32: "tv_advertise_watchable" = "0"
L 06/25/2018 - 17:43:32: "mp_friendlyfire" = "1"
L 06/25/2018 - 17:43:32: "cash_team_hostage_interaction" = "150"
L 06/25/2018 - 17:43:32: "sv_noclipspeed" = "5"
L 06/25/2018 - 17:43:32: "cash_team_win_by_time_running_out_bomb" = "3250"
L 06/25/2018 - 17:43:32: "sv_allchat" = "1"
L 06/25/2018 - 17:43:32: "mp_buy_during_immunity" = "0"
L 06/25/2018 - 17:43:32: "cash_player_killed_enemy_factor" = "1"
L 06/25/2018 - 17:43:32: "mp_c4timer" = "45"
L 06/25/2018 - 17:43:32: "r_JeepViewDampenDamp" = "1.0"
L 06/25/2018 - 17:43:32: "sv_competitive_minspec" = "1"
L 06/25/2018 - 17:43:32: "r_AirboatViewDampenDamp" = "1.0"
L 06/25/2018 - 17:43:32: "sv_max_allowed_net_graph" = "1"
L 06/25/2018 - 17:43:32: "mp_stalemate_at_timelimit" = "0"
L 06/25/2018 - 17:43:32: "mp_limitteams" = "0"
L 06/25/2018 - 17:43:32: "sv_footsteps" = "1"
L 06/25/2018 - 17:43:32: "sv_vote_issue_kick_allowed" = "0"
L 06/25/2018 - 17:43:32: "cash_team_survive_guardian_wave" = "1000"
L 06/25/2018 - 17:43:32: "tv_relaypassword" = "gameyegotv"
L 06/25/2018 - 17:43:32: "mp_teamplay" = "0"
L 06/25/2018 - 17:43:32: "cash_team_terrorist_win_bomb" = "3500"
L 06/25/2018 - 17:43:32: "cash_team_elimination_hostage_map_t" = "1000"
L 06/25/2018 - 17:43:32: "r_JeepViewDampenFreq" = "7.0"
L 06/25/2018 - 17:43:32: "cash_team_win_by_time_running_out_hostage" = "3250"
L 06/25/2018 - 17:43:32: "sv_specnoclip" = "1"
L 06/25/2018 - 17:43:32: "sv_friction" = "5.2"
L 06/25/2018 - 17:43:32: "cash_player_bomb_planted" = "300"
L 06/25/2018 - 17:43:32: "mp_autoteambalance" = "0"
L 06/25/2018 - 17:43:32: "sv_contact" = "0"
L 06/25/2018 - 17:43:32: "sv_vote_kick_ban_duration" = "15"
L 06/25/2018 - 17:43:32: "cash_player_bomb_defused" = "300"
L 06/25/2018 - 17:43:32: "mp_roundtime" = "1.92"
L 06/25/2018 - 17:43:32: "sv_kick_ban_duration" = "0"
L 06/25/2018 - 17:43:32: "cash_team_planted_bomb_but_defused" = "800"
L 06/25/2018 - 17:43:32: "cash_player_killed_hostage" = "-1000"
L 06/25/2018 - 17:43:32: "sv_vote_issue_loadbackup_allowed" = "0"
L 06/25/2018 - 17:43:32: "nextmode" = ""
L 06/25/2018 - 17:43:32: "mp_fraglimit" = "0"
L 06/25/2018 - 17:43:32: "mp_forcerespawn" = "1"
L 06/25/2018 - 17:43:32: "mp_winlimit" = "0"
L 06/25/2018 - 17:43:32: "sv_accelerate" = "5.5"
L 06/25/2018 - 17:43:32: "mp_buy_anywhere" = "0"
L 06/25/2018 - 17:43:32: "sv_gravity" = "800"
L 06/25/2018 - 17:43:32: "sv_password" = ""
L 06/25/2018 - 17:43:32: "cash_team_elimination_hostage_map_ct" = "2000"
L 06/25/2018 - 17:43:32: "cash_team_win_by_hostage_rescue" = "3500"
L 06/25/2018 - 17:43:32: "sv_vote_issue_loadbackup_spec_only" = "0"
L 06/25/2018 - 17:43:32: "cash_team_loser_bonus_consecutive_rounds" = "500"
L 06/25/2018 - 17:43:32: "cash_player_damage_hostage" = "-30"
L 06/25/2018 - 17:43:32: "r_JeepViewZHeight" = "10.0"
L 06/25/2018 - 17:43:32: "cash_team_hostage_alive" = "150"
L 06/25/2018 - 17:43:32: "tv_password" = ""
L 06/25/2018 - 17:43:32: "sv_specspeed" = "3"
L 06/25/2018 - 17:43:32: server cvars end
ConVarRef r_staticlight_streams_indirect_only doesn't point to an existing ConVar
L 06/25/2018 - 17:43:33: Started map "de_inferno" (CRC "-948999917")
GameTypes: missing mapgroupsSP entry for game type/mode (custom/custom).
GameTypes: missing mapgroupsSP entry for game type/mode (cooperative/cooperative).
GameTypes: missing mapgroupsSP entry for game type/mode (cooperative/coopmission).
ConVarRef room_type doesn't point to an existing ConVar
ammo_grenade_limit_default - 1
ammo_grenade_limit_flashbang - 1
ammo_grenade_limit_total - 3
bot_allow_grenades - 1
bot_allow_machine_guns - 1
bot_allow_pistols - 1
bot_allow_rifles - 1
bot_allow_rogues - 1
bot_allow_shotguns - 1
bot_allow_snipers - 1
bot_allow_sub_machine_guns - 1
bot_autodifficulty_threshold_high - 5.0
bot_autodifficulty_threshold_low - -2.0
bot_chatter - normal
bot_defer_to_human_goals - 0
bot_defer_to_human_items - 1
bot_difficulty - 1
bot_quota - 10
bot_quota_mode - normal
cash_player_bomb_defused - 300
cash_player_bomb_planted - 300
cash_player_damage_hostage - -30
cash_player_get_killed - 0
cash_player_interact_with_hostage - 150
cash_player_killed_enemy_default - 300
cash_player_killed_enemy_factor - 1
cash_player_killed_hostage - -1000
cash_player_killed_teammate - -300
cash_player_rescued_hostage - 1000
cash_player_respawn_amount - 0
cash_team_elimination_bomb_map - 3250
cash_team_elimination_hostage_map_ct - 2000
cash_team_elimination_hostage_map_t - 1000
L 06/25/2018 - 17:43:33: server_cvar: "cash_team_hostage_alive" "0"
cash_team_hostage_alive - 0
L 06/25/2018 - 17:43:33: server_cvar: "cash_team_hostage_interaction" "500"
cash_team_hostage_interaction - 500
cash_team_loser_bonus - 1400
cash_team_loser_bonus_consecutive_rounds - 500
cash_team_planted_bomb_but_defused - 800
L 06/25/2018 - 17:43:33: server_cvar: "cash_team_rescued_hostage" "0"
cash_team_rescued_hostage - 0
cash_team_survive_guardian_wave - 1000
cash_team_terrorist_win_bomb - 3500
L 06/25/2018 - 17:43:33: server_cvar: "cash_team_win_by_defusing_bomb" "3250"
cash_team_win_by_defusing_bomb - 3250
cash_team_win_by_hostage_rescue - 3500
cash_team_win_by_time_running_out_bomb - 3250
cash_team_win_by_time_running_out_hostage - 3250
ff_damage_reduction_bullets - 0.1
ff_damage_reduction_grenade - 0.25
ff_damage_reduction_grenade_self - 1
ff_damage_reduction_other - 0.25
global_chatter_info - 
mp_afterroundmoney - 0
mp_anyone_can_pickup_c4 - 0
L 06/25/2018 - 17:43:33: server_cvar: "mp_autoteambalance" "1"
mp_autoteambalance - 1
mp_buy_allow_grenades - 1
mp_buy_allow_guns - 255
mp_buy_anywhere - 0
mp_buy_during_immunity - 0
mp_buytime - 90
mp_c4_cannot_be_defused - 0
L 06/25/2018 - 17:43:33: server_cvar: "mp_c4timer" "40"
mp_c4timer - 40
mp_consecutive_loss_max - 4
mp_coop_force_join_ct - 0
mp_coopmission_bot_difficulty_offset - 0
mp_coopmission_mission_number - 0
mp_ct_default_grenades - 
mp_ct_default_melee - weapon_knife
mp_ct_default_primary - 
mp_ct_default_secondary - weapon_hkp2000
mp_damage_headshot_only - 0
mp_damage_scale_ct_body - 1.0
mp_damage_scale_ct_head - 1.0
mp_damage_scale_t_body - 1.0
mp_damage_scale_t_head - 1.0
mp_damage_vampiric_amount - 0
mp_death_drop_c4 - 1
mp_death_drop_defuser - 1
mp_death_drop_grenade - 2
mp_death_drop_gun - 1
mp_deathcam_skippable - 1
mp_default_team_winner_no_objective - -1
mp_defuser_allocation - 0
mp_display_kill_assists - 1
mp_dm_bonus_percent - 50
mp_dm_bonus_respawn - 0
mp_dm_bonusweapon_dogtags - 0
mp_dm_dogtag_score - 0
mp_dm_kill_base_score - 10
mp_dm_teammode - 0
mp_dm_teammode_bonus_score - 1
mp_dm_teammode_dogtag_score - 0
mp_dm_teammode_kill_score - 1
mp_dogtag_despawn_on_killer_death - 1
mp_dogtag_despawn_time - 120
mp_dogtag_pickup_rule - 0
mp_economy_reset_rounds - 0
mp_equipment_reset_rounds - 0
mp_force_assign_teams - 0
mp_force_pick_time - 15
mp_forcecamera - 1
mp_free_armor - 0
L 06/25/2018 - 17:43:33: server_cvar: "mp_freezetime" "6"
mp_freezetime - 6
L 06/25/2018 - 17:43:33: server_cvar: "mp_friendlyfire" "0"
mp_friendlyfire - 0
mp_ggprogressive_round_restart_delay - 15.0
mp_ggtr_always_upgrade - 0
mp_ggtr_bomb_defuse_bonus - 1
mp_ggtr_bomb_detonation_bonus - 1
mp_ggtr_bomb_pts_for_flash - 4
mp_ggtr_bomb_pts_for_he - 3
mp_ggtr_bomb_pts_for_molotov - 5
mp_ggtr_bomb_pts_for_upgrade - 2.0
mp_ggtr_bomb_respawn_delay - 0.0
mp_ggtr_end_round_kill_bonus - 1
mp_ggtr_halftime_delay - 0.0
mp_ggtr_last_weapon_kill_ends_half - 0
mp_give_player_c4 - 1
mp_global_damage_per_second - 0.0
mp_guardian_bot_money_per_wave - 800
mp_guardian_loc_adjective - 
mp_guardian_loc_condition - 
mp_guardian_loc_icon - 
mp_guardian_loc_mission - default
mp_guardian_loc_override - 
mp_guardian_loc_weapon - 
mp_guardian_player_dist_max - 2000
mp_guardian_player_dist_min - 1300
mp_guardian_special_kills_needed - 10
mp_guardian_special_weapon_needed - awp
mp_guardian_target_site - -1
mp_halftime - 0
mp_halftime_pausetimer - 0
mp_heavyassaultsuit_cooldown - 5
mp_hostagepenalty - 10
mp_hostages_max - 2
mp_hostages_spawn_force_positions - 
mp_hostages_spawn_same_every_round - 1
mp_items_prohibited - 
L 06/25/2018 - 17:43:33: server_cvar: "mp_limitteams" "2"
mp_limitteams - 2
mp_match_can_clinch - 1
mp_max_armor - 2
mp_maxmoney - 16000
L 06/25/2018 - 17:43:33: server_cvar: "mp_maxrounds" "0"
mp_maxrounds - 0
mp_molotovusedelay - 15.0
mp_playercashawards - 1
mp_radar_showall - 0
mp_randomspawn - 0
mp_randomspawn_dist - 0
mp_randomspawn_los - 1
mp_respawn_immunitytime - 4.0
mp_respawn_on_death_ct - 0
mp_respawn_on_death_t - 0
mp_respawnwavetime_ct - 10.0
mp_respawnwavetime_t - 10.0
mp_round_restart_delay - 7.0
L 06/25/2018 - 17:43:33: server_cvar: "mp_roundtime" "5"
mp_roundtime - 5
L 06/25/2018 - 17:43:33: server_cvar: "mp_roundtime_defuse" "0"
mp_roundtime_defuse - 0
L 06/25/2018 - 17:43:33: server_cvar: "mp_roundtime_hostage" "0"
mp_roundtime_hostage - 0
mp_solid_teammates - 1
mp_starting_losses - 0
mp_startmoney - 800
mp_t_default_grenades - 
mp_t_default_melee - weapon_knife
mp_t_default_primary - 
mp_t_default_secondary - weapon_glock
mp_taser_recharge_time - -1
mp_teamcashawards - 1
mp_teammates_are_enemies - 0
L 06/25/2018 - 17:43:33: server_cvar: "mp_timelimit" "5"
mp_timelimit - 5
mp_use_respawn_waves - 0
mp_warmup_pausetimer - 0
mp_warmuptime - 30
mp_warmuptime_all_players_connected - 0
mp_weapon_self_inflict_amount - 0
mp_weapons_allow_heavy - -1
mp_weapons_allow_heavyassaultsuit - 0
mp_weapons_allow_map_placed - 0
mp_weapons_allow_pistols - -1
mp_weapons_allow_rifles - -1
mp_weapons_allow_smgs - -1
ConVarRef mp_weapons_allow_tagrenade doesn't point to an existing ConVar
mp_weapons_allow_typecount - 5
mp_weapons_allow_zeus - 1
mp_weapons_glow_on_ground - 0
mp_weapons_max_gun_purchases_per_weapon_per_match - -1
mp_heavyassaultsuit_speed - 130
mp_heavyassaultsuit_deploy_timescale - 0.8
mp_heavyassaultsuit_aimpunch - 1.0
mp_heavybot_damage_reduction_scale - 1.0
mp_win_panel_display_time - 3
occlusion_test_async - 0
spec_freeze_panel_extended_time - 0.0
spec_freeze_time - 3.0
spec_replay_enable - 0
sv_accelerate - 5.5
sv_airaccelerate - 12
sv_allow_votes - 1
sv_alltalk - 0
sv_arms_race_vote_to_restart_disallowed_after - 0
sv_auto_adjust_bot_difficulty - 1
sv_auto_full_alltalk_during_warmup_half_end - 1
sv_autobunnyhopping - 0
sv_autobuyammo - 0
sv_bot_buy_decoy_weight - 1
sv_bot_buy_flash_weight - 1
sv_bot_buy_grenade_chance - 33
sv_bot_buy_hegrenade_weight - 6
sv_bot_buy_molotov_weight - 1
sv_bot_buy_smoke_weight - 1
sv_bots_force_rebuy_every_round - 0
sv_bots_get_easier_each_win - 0
sv_bots_get_harder_after_each_wave - 0
sv_bounce - 0
sv_buy_status_override - -1
sv_deadtalk - 0
sv_disable_show_team_select_menu - 0
sv_duplicate_playernames_ok - 0
sv_enablebunnyhopping - 0
sv_friction - 5.2
sv_gravity - 800
sv_guardian_heavy_all - 0
sv_guardian_heavy_count - 0
sv_guardian_max_wave_for_heavy - 0
sv_guardian_min_wave_for_heavy - 0
sv_ignoregrenaderadio - 0
sv_infinite_ammo - 0
sv_maxspeed - 320
sv_maxvelocity - 3500
sv_occlude_players - 1
sv_staminajumpcost - .080
sv_staminalandcost - .050
sv_stopspeed - 80
sv_talk_enemy_dead - 0
sv_talk_enemy_living - 0
sv_vote_to_changelevel_before_match_point - 0
sv_wateraccelerate - 10
sv_waterfriction - 1
tv_delay - 10
weapon_accuracy_nospread - 0
weapon_air_spread_scale - 1.0
ConVarRef weapon_cleanup_on_round_restart doesn't point to an existing ConVar
weapon_max_before_cleanup - 0
weapon_recoil_scale - 2.0
weapon_reticle_knife_show - 0
ff_damage_reduction_grenade - 0.25
ff_damage_reduction_grenade_self - 1
ff_damage_reduction_other - 0.25
mp_friendlyfire - 0
mp_warmuptime - 30
mp_warmuptime_all_players_connected - 0
Executing dedicated server config file
L 06/25/2018 - 17:43:33: server_cvar: "nextlevel" ""
exec: couldn't exec server.cfg
L 06/25/2018 - 17:43:33: server_cvar: "cash_player_interact_with_hostage" "300"
L 06/25/2018 - 17:43:33: server_cvar: "cash_team_elimination_hostage_map_t" "3000"
L 06/25/2018 - 17:43:33: server_cvar: "cash_team_elimination_hostage_map_ct" "3000"
L 06/25/2018 - 17:43:33: server_cvar: "cash_team_hostage_interaction" "600"
L 06/25/2018 - 17:43:33: server_cvar: "cash_team_rescued_hostage" "600"
L 06/25/2018 - 17:43:33: server_cvar: "cash_team_win_by_defusing_bomb" "3500"
L 06/25/2018 - 17:43:33: server_cvar: "cash_team_win_by_hostage_rescue" "2900"
L 06/25/2018 - 17:43:33: server_cvar: "mp_freezetime" "15"
L 06/25/2018 - 17:43:33: server_cvar: "mp_friendlyfire" "1"
L 06/25/2018 - 17:43:33: server_cvar: "mp_maxrounds" "30"
L 06/25/2018 - 17:43:33: server_cvar: "mp_roundtime" "1.92"
L 06/25/2018 - 17:43:33: server_cvar: "mp_roundtime_hostage" "1.92"
L 06/25/2018 - 17:43:33: server_cvar: "mp_roundtime_defuse" "1.92"
L 06/25/2018 - 17:43:33: server_cvar: "mp_timelimit" "0"
L 06/25/2018 - 17:43:33: server_cvar: "sv_deadtalk" "1"
exec: couldn't exec gamemode_competitive_server.cfg
Commentary: Could not find commentary data file 'maps/de_inferno_commentary.txt'. 
Error parsing BotProfile.db - unknown attribute 'Rank'
Error parsing BotProfile.db - unknown attribute 'Rank'
Error parsing BotProfile.db - unknown attribute 'Rank'
Error parsing BotProfile.db - unknown attribute 'Rank'
Error parsing BotProfile.db - unknown attribute 'Rank'
Error parsing BotProfile.db - unknown attribute 'Rank'
Error parsing BotProfile.db - unknown attribute 'Rank'
Error parsing BotProfile.db - unknown attribute 'Rank'
L 06/25/2018 - 17:43:34: "GOTV<2><BOT><>" entered the game
L 06/25/2018 - 17:43:34: "GOTV<2><BOT><Unassigned>" changed name to "Gameye GOTV Stream"
Recording GOTV demo to auto0-20180625-174334-1242910927-de_inferno-ESZPlay_Match_Server.dem...
L 06/25/2018 - 17:43:34: "info<3><STEAM_1:1:428564363><>" connected, address ""
Client "info" connected (24.197.102.56:27005).
L 06/25/2018 - 17:43:34: World triggered "Round_Start"
GOTV[0] broadcast active.
echo "Configure..."
log on                                          // Enable server logging.
// ESL - www.eslgaming.com
// CS:GO 1on1 Ladder Config
bot_quota "0"                                   // Determines the total number of bots in the game.
hostname "ESZPlay Match Server"                      // Set the server name.
mp_logdetail 3                                  // Logs attacks.  Values are: 0=off, 1=enemy, 2=teammate, 3=both)
mp_logdetail_items 1                            // Logs a line any time a player acquires or loses an item.
mp_logmoney 1                                   // Enables money logging. Values are: 0=off, 1=on
ammo_grenade_limit_default 1
ammo_grenade_limit_flashbang 2
ammo_grenade_limit_total 4
cash_player_bomb_defused 300
cash_player_bomb_planted 300
cash_player_damage_hostage -30
cash_player_interact_with_hostage 150
cash_player_killed_enemy_default 300
cash_player_killed_enemy_factor 1
cash_player_killed_hostage -1000
cash_player_killed_teammate -300
cash_player_rescued_hostage 1000
cash_team_elimination_bomb_map 3250
cash_team_hostage_alive 150
cash_team_hostage_interaction 150
cash_team_loser_bonus 1400
cash_team_loser_bonus_consecutive_rounds 500
cash_team_planted_bomb_but_defused 800
cash_team_rescued_hostage 750
cash_team_terrorist_win_bomb 3500
cash_team_win_by_defusing_bomb 3500
cash_team_win_by_hostage_rescue 3500
cash_player_get_killed 0
cash_player_respawn_amount 0
cash_team_elimination_hostage_map_ct 2000
cash_team_elimination_hostage_map_t 1000
cash_team_win_by_time_running_out_bomb 3250
cash_team_win_by_time_running_out_hostage 3250
ff_damage_reduction_grenade 0.85                  // How much to reduce damage done to teammates by a thrown grenade.  Range is from 0 - 1 (with 1 being damage equal to what is done to an enemy)
ff_damage_reduction_bullets 0.33                  // How much to reduce damage done to teammates when shot.  Range is from 0 - 1 (with 1 being damage equal to what is done to an enemy)
ff_damage_reduction_other 0.4                     // How much to reduce damage done to teammates by things other than bullets and grenades.  Range is from 0 - 1 (with 1 being damage equal to what is done to an enemy)
ff_damage_reduction_grenade_self 1                // How much to damage a player does to himself with his own grenade.  Range is from 0 - 1 (with 1 being damage equal to what is done to an enemy)
mp_afterroundmoney 0                              // amount of money awared to every player after each round
mp_autokick 0                                     // Kick idle/team-killing players
mp_autoteambalance 0
mp_buytime 15                                     // How many seconds after round start players can buy items for.
mp_c4timer 45                                     // How long from when the C4 is armed until it blows
mp_death_drop_defuser 1                           // Drop defuser on player death
mp_death_drop_grenade 2                           // Which grenade to drop on player death: 0=none, 1=best, 2=current or best
mp_death_drop_gun 1                               // Which gun to drop on player death: 0=none, 1=best, 2=current or best
mp_defuser_allocation 0                           // How to allocate defusers to CTs at start or round: 0=none, 1=random, 2=everyone
mp_do_warmup_period 1                             // Whether or not to do a warmup period at the start of a match.
mp_forcecamera 1                                  // Restricts spectator modes for dead players
mp_force_pick_time 160                            // The amount of time a player has on the team screen to make a selection before being auto-teamed 
mp_free_armor 0                                   // Determines whether armor and helmet are given automatically.
mp_freezetime 10                                  // How many seconds to keep players frozen when the round starts
mp_friendlyfire 1                                 // Allows team members to injure other members of their team
mp_halftime 1                                     // Determines whether or not the match has a team-swapping halftime event.
mp_halftime_duration 5                            // Number of seconds that halftime lasts
mp_join_grace_time 30                             // Number of seconds after round start to allow a player to join a game
mp_limitteams 0                                   // Max # of players 1 team can have over another (0 disables check)
mp_match_can_clinch 1                             // Can a team clinch and end the match by being so far ahead that the other team has no way to catching up
mp_match_end_restart 1                            // At the end of the match, perform a restart instead of loading a new map
mp_maxmoney 16000                                 // maximum amount of money allowed in a player's account
mp_maxrounds 3                     // max number of rounds to play before server changes maps
mp_molotovusedelay 0                              // Number of seconds to delay before the molotov can be used after acquiring it
mp_playercashawards 1                             // Players can earn money by performing in-game actions
mp_playerid 0                                     // Controls what information player see in the status bar: 0 all names; 1 team names; 2 no names 
mp_playerid_delay 0.5                             // Number of seconds to delay showing information in the status bar
mp_playerid_hold 0.25                             // Number of seconds to keep showing old information in the status bar
mp_round_restart_delay 5                          // Number of seconds to delay before restarting a round after a win
mp_roundtime 1.92                                 // How many minutes each round takes.
mp_roundtime_defuse 1.92                          // How many minutes each round takes on defusal maps.
mp_solid_teammates 1                              // Determines whether teammates are solid or not.
mp_startmoney 800                                 // amount of money each player gets when they reset
mp_teamcashawards 1                               // Teams can earn money by performing in-game actions
mp_timelimit 0                                    // game time per map in minutes
mp_tkpunish 0                                     // Will a TK'er be punished in the next round?  {0=no,  1=yes}
mp_warmuptime 180                                 // If true, there will be a warmup period/round at the start of each match to allow
mp_warmuptime_all_players_connected 60            // Warmup time to use when all players have connected. 0 to disable.
mp_weapons_allow_map_placed 1                     // If this convar is set, when a match starts, the game will not delete weapons placed in the map.
mp_weapons_allow_zeus 1                           // Determines whether the Zeus is purchasable or not.
mp_win_panel_display_time 15                      // The amount of time to show the win panel between matches / halfs
mp_teamname_1 Counter Terrorists                  // Override the name of team 1
mp_teamname_2 Terrorists                  // Override the name of team 2
mp_match_restart_delay 120                        // Delay in seconds when the servers restarts after the match has been ended.
mp_endmatch_votenextmap 0                         // Disable map voting at the end of a match.
spec_freeze_time 2.0                              // Time spend frozen in observer freeze cam.
spec_freeze_panel_extended_time 0                 // Time spent with the freeze panel still up after observer freeze cam is done.
spec_freeze_time_lock 2
spec_freeze_deathanim_time 0
sv_accelerate 5.5                                 // ( def. "10" ) client notify replicated 
sv_stopspeed 80 
sv_allow_votes 1                                  // Allow voting
sv_vote_issue_kick_allowed 0                      // Disallow voting to reset 
sv_vote_issue_loadbackup_allowed 0                // Disallow voting to load round backup
sv_allow_wait_command 0                           // Allow or disallow the wait command on clients connected to this server.
sv_alltalk 0                                      // Players can hear all other players' voice communication, no team restrictions
sv_alternateticks 0                               // If set, server only simulates entities on even numbered ticks.
sv_cheats 0                                       // Allow cheats on server
sv_clockcorrection_msecs 15                       // The server tries to keep each player's m_nTickBase withing this many msecs of the server absolute tickcount
sv_consistency 0                                  // Whether the server enforces file consistency for critical files
sv_contact 0                                      // Contact email for server sysop
sv_damage_print_enable 1                          // Turn this off to disable the player's damage feed in the console after getting killed.
sv_dc_friends_reqd 0                              // Set this to 0 to allow direct connects to a game in progress even if no presents
sv_deadtalk 0                                     // Dead players can speak (voice, text) to the living
sv_forcepreload 0                                 // Force server side preloading.
sv_friction 5.2                                   // World friction.
sv_full_alltalk 0                                 // Any player (including Spectator team) can speak to any other player
sv_gameinstructor_disable 1                       // Force all clients to disable their game instructors.
sv_ignoregrenaderadio 0                           // Turn off Fire in the hole messages
sv_kick_players_with_cooldown 0                   // (0: do not kick; 1: kick Untrusted players; 2: kick players with any cooldown)
sv_kick_ban_duration 0                            // How long should a kick ban from the server should last (in minutes)
sv_lan 0                                          // Server is a lan server ( no heartbeat, no authentication, no non-class C addresses )
sv_log_onefile 0                                  // Log server information to only one file.
sv_logbans 1                                      // Log server bans in the server logs.
sv_logecho 1                                      // Echo log information to the console.
sv_logfile 1                                      // Log server information in the log file.
sv_logflush 0                                     // Flush the log file to disk on each write (slow).
sv_logsdir logfiles                               // Folder in the game directory where server logs will be stored.
sv_maxrate 0                                      // min. 0.000000 max. 30000.000000 replicated  Max bandwidth rate allowed on server, 0 == unlimited
sv_mincmdrate 30                                  // This sets the minimum value for cl_cmdrate. 0 == unlimited.
sv_minrate 20000                                  // Min bandwidth rate allowed on server, 0 == unlimited
sv_competitive_minspec 1                          // Enable to force certain client convars to minimum/maximum values to help prevent competitive advantages.
sv_pausable 1                                     // Is the server pausable.
sv_pure 1
sv_pure_kick_clients 1                            // If set to 1, the server will kick clients with mismatching files. Otherwise, it will issue a warning to the client.
sv_pure_trace 0                                   // If set to 1, the server will print a message whenever a client is verifying a CR
sv_spawn_afk_bomb_drop_time 30                    // Players that spawn and don't move for longer than sv_spawn_afk_bomb_drop_time (default 15 seconds) will automatically drop the bomb.
sv_steamgroup_exclusive 0                         // If set, only members of Steam group will be able to join the server when it's empty, public people will be able to join the server only if it has players.
sv_coaching_enabled 0           // Enable coaching mode.
sv_voiceenable 0                                  // Disable ingame voice 
tv_allow_camera_man 1                             // Auto director allows spectators to become camera man
tv_allow_static_shots 1                           // Auto director uses fixed level cameras for shots
tv_autorecord 1                                   // Automatically records all games as GOTV demos.
tv_chatgroupsize 0                                // Set the default chat group size
tv_chattimelimit 8                                // Limits spectators to chat only every n seconds
tv_debug 0                                        // GOTV debug info.
tv_delay 0                         // GOTV stream delay in seconds
tv_delaymapchange 1                               // Delays map change until broadcast is complete
tv_deltacache 2                                   // Enable delta entity bit stream cache
tv_dispatchmode 1                                 // Dispatch clients to relay proxies: 0=never, 1=if appropriate, 2=always
tv_enable 1                                       // Activates GOTV on server.
tv_maxclients 10               // Maximum client number on GOTV server.
tv_maxrate 20000                                  // Max GOTV spectator bandwidth rate allowed, 0 == unlimited
tv_name "Gameye GOTV Stream"                      // GOTV host name
tv_overridemaster 0                               // Overrides the GOTV master root address.
tv_port 65220                              // Host SourceTV port
tv_relaypassword "gameyegotv"                     // GOTV password for relay proxies
tv_relayvoice 0                                   // Relay voice data: 0=off, 1=on
tv_snapshotrate 24                                // Snapshots broadcasted per second
tv_timeout 60                                     // GOTV connection timeout in seconds.
tv_title "Gameye GOTV Stream"                     // Set title for GOTV spectator UI
tv_transmitall 1                                  // Transmit all entities (not only director view)
say "> ESL CS:GO 1on1 config loaded<"
echo "Configure ready..."
Configure... 
Server logging enabled.
L 06/25/2018 - 17:43:34: Log file closed
Server logging data to file logfiles/L127_000_001_001_64247_201806251743_001.log
L 06/25/2018 - 17:43:34: Log file started (file "logfiles/L127_000_001_001_64247_201806251743_001.log") (game "/home/steam/csgo/csgo") (version "7145")
L 06/25/2018 - 17:43:34: server_cvar: "cash_player_interact_with_hostage" "150"
L 06/25/2018 - 17:43:34: server_cvar: "cash_team_hostage_alive" "150"
L 06/25/2018 - 17:43:34: server_cvar: "cash_team_hostage_interaction" "150"
L 06/25/2018 - 17:43:34: server_cvar: "cash_team_rescued_hostage" "750"
L 06/25/2018 - 17:43:34: server_cvar: "cash_team_win_by_hostage_rescue" "3500"
L 06/25/2018 - 17:43:34: server_cvar: "cash_team_elimination_hostage_map_ct" "2000"
L 06/25/2018 - 17:43:34: server_cvar: "cash_team_elimination_hostage_map_t" "1000"
L 06/25/2018 - 17:43:34: server_cvar: "mp_autoteambalance" "0"
L 06/25/2018 - 17:43:34: server_cvar: "mp_c4timer" "45"
L 06/25/2018 - 17:43:34: server_cvar: "mp_freezetime" "10"
L 06/25/2018 - 17:43:34: server_cvar: "mp_limitteams" "0"
L 06/25/2018 - 17:43:34: server_cvar: "mp_maxrounds" "3"
L 06/25/2018 - 17:43:34: server_cvar: "sv_deadtalk" "0"
--------------------------------------------------------
sv_pure value unchanged (current value is 1).
--------------------------------------------------------
Unknown command "tv_allow_camera_man"
maxplayers set to 64
Console: "> ESL CS:GO 1on1 config loaded<"
L 06/25/2018 - 17:43:34: "Console<0><Console><Console>" say ""> ESL CS:GO 1on1 config loaded<""
Configure ready... 
echo "Idle..."
Idle... 
L 06/25/2018 - 17:43:34: "info<3><STEAM_1:1:428564363><>" STEAM USERID validated
L 06/25/2018 - 17:44:02: "info<3><STEAM_1:1:428564363><>" entered the game
L 06/25/2018 - 17:45:12: "info<3><STEAM_1:1:428564363>" switched from team <Unassigned> to <CT>
L 06/25/2018 - 17:45:12: "info<3><STEAM_1:1:428564363><CT>" picked up "knife"
L 06/25/2018 - 17:45:12: "info<3><STEAM_1:1:428564363><CT>" picked up "hkp2000"
L 06/25/2018 - 17:45:12: World triggered "Game_Commencing"
L 06/25/2018 - 17:45:13: "info<3><STEAM_1:1:428564363><CT>" dropped "knife"
L 06/25/2018 - 17:45:13: "info<3><STEAM_1:1:428564363><CT>" dropped "hkp2000"
L 06/25/2018 - 17:45:13: Starting Freeze period
EVERYONE CAN BUY!
L 06/25/2018 - 17:45:13: "info<3><STEAM_1:1:428564363><CT>" picked up "knife"
L 06/25/2018 - 17:45:13: "info<3><STEAM_1:1:428564363><CT>" picked up "hkp2000"
L 06/25/2018 - 17:45:13: World triggered "Match_Start" on "de_inferno"
L 06/25/2018 - 17:45:13: Team playing "CT": Counter Terrorists
L 06/25/2018 - 17:45:13: Team playing "TERRORIST": Terrorists
echo "Playing..."
Playing... 
L 06/25/2018 - 17:45:15: World triggered "Round_Start"
L 06/25/2018 - 17:45:31: "info<3><STEAM_1:1:428564363><CT>" left buyzone with [ weapon_knife weapon_hkp2000 ]
L 06/25/2018 - 17:46:38: "info<3><STEAM_1:1:428564363><CT>" dropped "knife"
L 06/25/2018 - 17:46:38: "info<3><STEAM_1:1:428564363><CT>" dropped "hkp2000"
L 06/25/2018 - 17:46:38: Starting Freeze period
EVERYONE CAN BUY!
L 06/25/2018 - 17:46:38: "info<3><STEAM_1:1:428564363><CT>" picked up "knife"
L 06/25/2018 - 17:46:38: "info<3><STEAM_1:1:428564363><CT>" picked up "hkp2000"
L 06/25/2018 - 17:46:38: World triggered "Match_Start" on "de_inferno"
L 06/25/2018 - 17:46:38: Team playing "CT": Counter Terrorists
L 06/25/2018 - 17:46:38: Team playing "TERRORIST": Terrorists
L 06/25/2018 - 17:46:48: World triggered "Round_Start"
L 06/25/2018 - 17:46:49: "info<3><STEAM_1:1:428564363><CT>" left buyzone with [ weapon_knife weapon_hkp2000 ]
L 06/25/2018 - 17:47:20: "info<3><STEAM_1:1:428564363><CT>" left buyzone with [ weapon_knife weapon_hkp2000 ]
L 06/25/2018 - 17:47:21: "Skinner<4><STEAM_1:0:22327832><>" connected, address ""
Client "Skinner" connected (24.197.102.56:1026).
L 06/25/2018 - 17:47:21: "Skinner<4><STEAM_1:0:22327832><>" STEAM USERID validated
L 06/25/2018 - 17:47:50: "Skinner<4><STEAM_1:0:22327832><>" entered the game
L 06/25/2018 - 17:48:04: "Skinner<4><STEAM_1:0:22327832>" switched from team <Unassigned> to <TERRORIST>
L 06/25/2018 - 17:48:04: "info<2><STEAM_1:1:428564363><CT>" money change 800+3250 = $4050 (tracked)
L 06/25/2018 - 17:48:04: Team "CT" triggered "SFUI_Notice_CTs_Win" (CT "1") (T "0")
L 06/25/2018 - 17:48:04: Team "CT" scored "1" with "1" players
L 06/25/2018 - 17:48:04: Team "TERRORIST" scored "0" with "1" players
L 06/25/2018 - 17:48:04: World triggered "Round_End"
L 06/25/2018 - 17:48:04: "Skinner<3><STEAM_1:0:22327832><TERRORIST>" money change 800+1400 = $2200 (tracked)
L 06/25/2018 - 17:48:09: "info<3><STEAM_1:1:428564363>" switched from team <CT> to <TERRORIST>
L 06/25/2018 - 17:48:09: "info<3><STEAM_1:1:428564363><TERRORIST>" dropped "knife"
L 06/25/2018 - 17:48:09: "info<3><STEAM_1:1:428564363><TERRORIST>" dropped "hkp2000"
L 06/25/2018 - 17:48:09: "Skinner<4><STEAM_1:0:22327832>" switched from team <TERRORIST> to <CT>
L 06/25/2018 - 17:48:09: Starting Freeze period
EVERYONE CAN BUY!
L 06/25/2018 - 17:48:09: "Skinner<4><STEAM_1:0:22327832><CT>" picked up "knife"
L 06/25/2018 - 17:48:09: "Skinner<4><STEAM_1:0:22327832><CT>" picked up "hkp2000"
L 06/25/2018 - 17:48:09: "info<3><STEAM_1:1:428564363><TERRORIST>" picked up "knife"
L 06/25/2018 - 17:48:09: "info<3><STEAM_1:1:428564363><TERRORIST>" picked up "glock"
L 06/25/2018 - 17:48:09: "info<3><STEAM_1:1:428564363><TERRORIST>" picked up "c4"
L 06/25/2018 - 17:48:09: "info<3><STEAM_1:1:428564363><TERRORIST>" triggered "Got_The_Bomb"
L 06/25/2018 - 17:48:18: "Skinner<3><STEAM_1:0:22327832><CT>" money change 800-300 = $500 (tracked) (purchase: weapon_hegrenade)
L 06/25/2018 - 17:48:18: "Skinner<4><STEAM_1:0:22327832><CT>" picked up "hegrenade"
L 06/25/2018 - 17:48:18: "Skinner<4><STEAM_1:0:22327832><CT>" purchased "hegrenade"
L 06/25/2018 - 17:48:19: World triggered "Round_Start"
L 06/25/2018 - 17:48:22: "Skinner<4><STEAM_1:0:22327832><CT>" left buyzone with [ weapon_knife weapon_usp_silencer weapon_hegrenade ]
L 06/25/2018 - 17:48:25: "info<2><STEAM_1:1:428564363><TERRORIST>" money change 800-400 = $400 (tracked) (purchase: weapon_elite)
L 06/25/2018 - 17:48:25: "info<3><STEAM_1:1:428564363><TERRORIST>" dropped "glock"
L 06/25/2018 - 17:48:25: "info<3><STEAM_1:1:428564363><TERRORIST>" picked up "elite"
L 06/25/2018 - 17:48:25: "info<3><STEAM_1:1:428564363><TERRORIST>" purchased "elite"
L 06/25/2018 - 17:48:27: "info<2><STEAM_1:1:428564363><TERRORIST>" money change 400-200 = $200 (tracked) (purchase: weapon_taser)
L 06/25/2018 - 17:48:27: "info<3><STEAM_1:1:428564363><TERRORIST>" picked up "taser"
L 06/25/2018 - 17:48:27: "info<3><STEAM_1:1:428564363><TERRORIST>" purchased "taser"
L 06/25/2018 - 17:48:32: "info<3><STEAM_1:1:428564363><TERRORIST>" left buyzone with [ weapon_knife_t weapon_elite weapon_c4 weapon_taser C4 ]
L 06/25/2018 - 17:48:55: "Skinner<4><STEAM_1:0:22327832><CT>" dropped "hegrenade"
L 06/25/2018 - 17:48:57: "Skinner<4><STEAM_1:0:22327832><CT>" threw hegrenade [2600 -71 103]
L 06/25/2018 - 17:49:00: "info<2><STEAM_1:1:428564363><TERRORIST>" money change 200+300 = $500 (tracked)
L 06/25/2018 - 17:49:00: "info<3><STEAM_1:1:428564363><TERRORIST>" triggered "Planted_The_Bomb"
L 06/25/2018 - 17:49:00: "info<3><STEAM_1:1:428564363><TERRORIST>" dropped "c4"
L 06/25/2018 - 17:49:03: "Skinner<4><STEAM_1:0:22327832><CT>" [2275 1013 160] attacked "info<3><STEAM_1:1:428564363><TERRORIST>" [2231 828 155] with "hkp2000" (damage "33") (damage_armor "0") (health "67") (armor "0") (hitgroup "chest")
L 06/25/2018 - 17:49:03: "info<3><STEAM_1:1:428564363><TERRORIST>" [2232 877 157] attacked "Skinner<4><STEAM_1:0:22327832><CT>" [2268 1018 159] with "elite" (damage "35") (damage_armor "0") (health "65") (armor "0") (hitgroup "chest")
L 06/25/2018 - 17:49:04: "info<3><STEAM_1:1:428564363><TERRORIST>" [2206 792 160] attacked "Skinner<4><STEAM_1:0:22327832><CT>" [2341 1035 158] with "elite" (damage "134") (damage_armor "0") (health "0") (armor "0") (hitgroup "head")
L 06/25/2018 - 17:49:04: "Skinner<4><STEAM_1:0:22327832><CT>" dropped "hkp2000"
L 06/25/2018 - 17:49:04: "Skinner<4><STEAM_1:0:22327832><CT>" dropped "knife"
L 06/25/2018 - 17:49:04: "info<3><STEAM_1:1:428564363><TERRORIST>" [2206 792 160] killed "Skinner<4><STEAM_1:0:22327832><CT>" [2341 1035 222] with "elite" (headshot)
L 06/25/2018 - 17:49:04: "info<2><STEAM_1:1:428564363><TERRORIST>" money change 500+300 = $800 (tracked)
L 06/25/2018 - 17:49:04: "info<2><STEAM_1:1:428564363><TERRORIST>" money change 800+3250 = $4050 (tracked)
L 06/25/2018 - 17:49:04: Team "TERRORIST" triggered "SFUI_Notice_Terrorists_Win" (CT "0") (T "2")
L 06/25/2018 - 17:49:04: Team "CT" scored "0" with "1" players
L 06/25/2018 - 17:49:04: Team "TERRORIST" scored "2" with "1" players
L 06/25/2018 - 17:49:04: World triggered "Round_End"
L 06/25/2018 - 17:49:04: "Skinner<3><STEAM_1:0:22327832><CT>" money change 500+1400 = $1900 (tracked)
Going to intermission...
L 06/25/2018 - 17:49:04: Game Over: competitive mg_active de_inferno score 0:2 after 3 min
CHANGELEVEL: Looking for next level in mapgroup 'mg_active'
Looking for next map in mapgroup 'mg_active'...
CHANGELEVEL: Choosing map 'de_train' (previous was de_inferno)
L 06/25/2018 - 17:49:04: World triggered "Round_Start"
echo "End..."
say "The match has ended, thank you for playing!"
say "This server will shutdown in 30 seconds"
End... 
Console: "The match has ended, thank you for playing!"
L 06/25/2018 - 17:49:04: "Console<0><Console><Console>" say ""The match has ended, thank you for playing!""
Console: "This server will shutdown in 30 seconds"
L 06/25/2018 - 17:49:04: "Console<0><Console><Console>" say ""This server will shutdown in 30 seconds""
echo "Quit..."
quit
Quit... 
L 06/25/2018 - 17:49:34: "Skinner<4><STEAM_1:0:22327832><>" disconnected (reason "Server shutting down")
Dropped Skinner from server: Server shutting down
L 06/25/2018 - 17:49:34: "info<3><STEAM_1:1:428564363><>" disconnected (reason "Server shutting down")
Dropped info from server: Server shutting down
L 06/25/2018 - 17:49:34: "Gameye GOTV Stream<2><BOT><>" disconnected (reason "Server shutting down")
Completed GOTV demo "auto0-20180625-174334-1242910927-de_inferno-ESZPlay_Match_Server.dem", recording time 360.1
StopRecording: 0 frames flushed in 0.00 seconds
CWorkThreadPool::~CWorkThreadPool: work complete queue not empty, 2 items discarded.
L 06/25/2018 - 17:49:35: server_message: "quit"
L 06/25/2018 - 17:49:35: Log file closed
L 06/25/2018 - 17:49:35: server_message: "restart"
Shutdown function NET_Shutdown() not in list!!!
File /home/steam/csgo/csgo/pak01_040.vpk was never closed
File /home/steam/csgo/csgo/pak01_040.vpk was never closed
File /home/steam/csgo/csgo/pak01_000.vpk was never closed
File /home/steam/csgo/csgo/pak01_000.vpk was never closed
File /home/steam/csgo/csgo/pak01_001.vpk was never closed
File /home/steam/csgo/csgo/pak01_001.vpk was never closed
File /home/steam/csgo/csgo/pak01_003.vpk was never closed
File /home/steam/csgo/csgo/pak01_003.vpk was never closed
File /home/steam/csgo/csgo/pak01_048.vpk was never closed
File /home/steam/csgo/csgo/pak01_048.vpk was never closed
File /home/steam/csgo/csgo/pak01_052.vpk was never closed
File /home/steam/csgo/csgo/pak01_052.vpk was never closed
File /home/steam/csgo/csgo/pak01_063.vpk was never closed
File /home/steam/csgo/csgo/pak01_063.vpk was never closed
File /home/steam/csgo/csgo/pak01_090.vpk was never closed
File /home/steam/csgo/csgo/pak01_090.vpk was never closed
File /home/steam/csgo/csgo/pak01_004.vpk was never closed
File /home/steam/csgo/csgo/pak01_004.vpk was never closed
File /home/steam/csgo/csgo/pak01_036.vpk was never closed
File /home/steam/csgo/csgo/pak01_036.vpk was never closed
File /home/steam/csgo/csgo/pak01_037.vpk was never closed
File /home/steam/csgo/csgo/pak01_037.vpk was never closed
File /home/steam/csgo/csgo/pak01_067.vpk was never closed
File /home/steam/csgo/csgo/pak01_067.vpk was never closed
File /home/steam/csgo/csgo/pak01_044.vpk was never closed
File /home/steam/csgo/csgo/pak01_044.vpk was never closed
File /home/steam/csgo/csgo/pak01_053.vpk was never closed
File /home/steam/csgo/csgo/pak01_053.vpk was never closed
File /home/steam/csgo/csgo/pak01_080.vpk was never closed
File /home/steam/csgo/csgo/pak01_080.vpk was never closed
File /home/steam/csgo/csgo/pak01_055.vpk was never closed
File /home/steam/csgo/csgo/pak01_055.vpk was never closed
File /home/steam/csgo/csgo/pak01_094.vpk was never closed
File /home/steam/csgo/csgo/pak01_094.vpk was never closed
File /home/steam/csgo/csgo/pak01_078.vpk was never closed
File /home/steam/csgo/csgo/pak01_078.vpk was never closed
File /home/steam/csgo/csgo/pak01_058.vpk was never closed
File /home/steam/csgo/csgo/pak01_058.vpk was never closed
File /home/steam/csgo/csgo/pak01_043.vpk was never closed
File /home/steam/csgo/csgo/pak01_043.vpk was never closed
File /home/steam/csgo/csgo/pak01_065.vpk was never closed
File /home/steam/csgo/csgo/pak01_065.vpk was never closed
File /home/steam/csgo/csgo/pak01_061.vpk was never closed
File /home/steam/csgo/csgo/pak01_061.vpk was never closed
File /home/steam/csgo/csgo/pak01_007.vpk was never closed
File /home/steam/csgo/csgo/pak01_007.vpk was never closed
File /home/steam/csgo/csgo/pak01_006.vpk was never closed
File /home/steam/csgo/csgo/pak01_006.vpk was never closed
File /home/steam/csgo/csgo/pak01_073.vpk was never closed
File /home/steam/csgo/csgo/pak01_073.vpk was never closed
File /home/steam/csgo/csgo/pak01_047.vpk was never closed
File /home/steam/csgo/csgo/pak01_047.vpk was never closed
File /home/steam/csgo/csgo/pak01_079.vpk was never closed
File /home/steam/csgo/csgo/pak01_079.vpk was never closed
File /home/steam/csgo/csgo/pak01_093.vpk was never closed
File /home/steam/csgo/csgo/pak01_093.vpk was never closed
File /home/steam/csgo/csgo/pak01_077.vpk was never closed
File /home/steam/csgo/csgo/pak01_077.vpk was never closed
File /home/steam/csgo/csgo/pak01_056.vpk was never closed
File /home/steam/csgo/csgo/pak01_056.vpk was never closed
File /home/steam/csgo/csgo/pak01_005.vpk was never closed
File /home/steam/csgo/csgo/pak01_005.vpk was never closed
File /home/steam/csgo/csgo/pak01_064.vpk was never closed
File /home/steam/csgo/csgo/pak01_064.vpk was never closed
Mon Jun 25 17:49:35 UTC 2018: Server Quit